App starting at /
Python path: ["/Users/ibridgezhao/Documents/Bjork/dist/Azathoth's Whisper.app/Contents/Frameworks/base_library.zip", "/Users/ibridgezhao/Documents/Bjork/dist/Azathoth's Whisper.app/Contents/Frameworks/python3.14/lib-dynload", "/Users/ibridgezhao/Documents/Bjork/dist/Azathoth's Whisper.app/Contents/Frameworks", "/Users/ibridgezhao/Documents/Bjork/dist/Azathoth's Whisper.app/Contents/Frameworks/setuptools/_vendor"]
Loaded Token: mrFa...Bucv
DEBUG: Track Found - Opeth - A Fair Judgement (Deliverance)
DEBUG: Track Found - Opeth - A Fair Judgement (Deliverance)
DEBUG: Track Found - Shadows Fall - Final Call (Threads Of Life)
DEBUG: Track Found - Shadows Fall - Final Call (Threads Of Life)
DEBUG: Track Found - Shadows Fall - Final Call (Threads Of Life)
DEBUG: Track Found - Shadows Fall - Final Call (Threads Of Life)
DEBUG: Track Found - Shadows Fall - Final Call (Threads Of Life)
DEBUG: Track Found - Shadows Fall - Final Call (Threads Of Life)
DEBUG: Track Found - Shadows Fall - Final Call (Threads Of Life)
DEBUG: Track Found - Shadows Fall - Final Call (Threads Of Life)
DEBUG: Track Found - Shadows Fall - Final Call (Threads Of Life)
DEBUG: Track Found - Shadows Fall - Final Call (Threads Of Life)
DEBUG: Track Found - Shadows Fall - Final Call (Threads Of Life)
DEBUG: Track Found - Shadows Fall - Final Call (Threads Of Life)
DEBUG: Track Found - Shadows Fall - Final Call (Threads Of Life)
DEBUG: Track Found - Shadows Fall - Final Call (Threads Of Life)
DEBUG: Track Found - Shadows Fall - Final Call (Threads Of Life)
DEBUG: Track Found - Shadows Fall - Final Call (Threads Of Life)
